This file contains any messages produced by compilers while
running configure, to aid debugging if configure makes a mistake.

It was created by configure, which was
generated by GNU Autoconf 2.69.  Invocation command line was

  $ ./configure 

## --------- ##
## Platform. ##
## --------- ##

hostname = 8621c9433905
uname -m = x86_64
uname -r = 4.9.87-linuxkit-aufs
uname -s = Linux
uname -v = #1 SMP Fri Mar 16 18:16:33 UTC 2018

/usr/bin/uname -p = unknown
/bin/uname -X     = unknown

/bin/arch              = unknown
/usr/bin/arch -k       = unknown
/usr/convex/getsysinfo = unknown
/usr/bin/hostinfo      = unknown
/bin/machine           = unknown
/usr/bin/oslevel       = unknown
/bin/universe          = unknown

PATH: /usr/local/sbin
PATH: /usr/local/bin
PATH: /usr/sbin
PATH: /usr/bin
PATH: /sbin
PATH: /bin


## ----------- ##
## Core tests. ##
## ----------- ##

configure:2310: checking for grep that handles long lines and -e
configure:2368: result: /bin/grep
configure:2373: checking for egrep
configure:2435: result: /bin/grep -E
configure:2440: checking for a sed that does not truncate output
configure:2494: result: /bin/sed
configure:2631: checking for cc
configure:2647: found /usr/bin/cc
configure:2658: result: cc
configure:2689: checking for C compiler version
configure:2698: cc --version >&5
cc (Debian 6.3.0-18+deb9u1) 6.3.0 20170516
Copyright (C) 2016 Free Software Foundation, Inc.
This is free software; see the source for copying conditions.  There is NO
warranty; not even for MERCHANTABILITY or FITNESS FOR A PARTICULAR PURPOSE.

configure:2709: $? = 0
configure:2698: cc -v >&5
Using built-in specs.
COLLECT_GCC=cc
COLLECT_LTO_WRAPPER=/usr/lib/gcc/x86_64-linux-gnu/6/lto-wrapper
Target: x86_64-linux-gnu
Configured with: ../src/configure -v --with-pkgversion='Debian 6.3.0-18+deb9u1' --with-bugurl=file:///usr/share/doc/gcc-6/README.Bugs --enable-languages=c,ada,c++,java,go,d,fortran,objc,obj-c++ --prefix=/usr --program-suffix=-6 --program-prefix=x86_64-linux-gnu- --enable-shared --enable-linker-build-id --libexecdir=/usr/lib --without-included-gettext --enable-threads=posix --libdir=/usr/lib --enable-nls --with-sysroot=/ --enable-clocale=gnu --enable-libstdcxx-debug --enable-libstdcxx-time=yes --with-default-libstdcxx-abi=new --enable-gnu-unique-object --disable-vtable-verify --enable-libmpx --enable-plugin --enable-default-pie --with-system-zlib --disable-browser-plugin --enable-java-awt=gtk --enable-gtk-cairo --with-java-home=/usr/lib/jvm/java-1.5.0-gcj-6-amd64/jre --enable-java-home --with-jvm-root-dir=/usr/lib/jvm/java-1.5.0-gcj-6-amd64 --with-jvm-jar-dir=/usr/lib/jvm-exports/java-1.5.0-gcj-6-amd64 --with-arch-directory=amd64 --with-ecj-jar=/usr/share/java/eclipse-ecj.jar --with-target-system-zlib --enable-objc-gc=auto --enable-multiarch --with-arch-32=i686 --with-abi=m64 --with-multilib-list=m32,m64,mx32 --enable-multilib --with-tune=generic --enable-checking=release --build=x86_64-linux-gnu --host=x86_64-linux-gnu --target=x86_64-linux-gnu
Thread model: posix
gcc version 6.3.0 20170516 (Debian 6.3.0-18+deb9u1) 
configure:2709: $? = 0
configure:2698: cc -V >&5
cc: error: unrecognized command line option '-V'
cc: fatal error: no input files
compilation terminated.
configure:2709: $? = 1
configure:2698: cc -qversion >&5
cc: error: unrecognized command line option '-qversion'; did you mean '--version'?
cc: fatal error: no input files
compilation terminated.
configure:2709: $? = 1
configure:2729: checking whether the C compiler works
configure:2751: cc    conftest.c  >&5
configure:2755: $? = 0
configure:2803: result: yes
configure:2806: checking for C compiler default output file name
configure:2808: result: a.out
configure:2814: checking for suffix of executables
configure:2821: cc -o conftest    conftest.c  >&5
configure:2825: $? = 0
configure:2847: result: 
configure:2869: checking whether we are cross compiling
configure:2877: cc -o conftest    conftest.c  >&5
configure:2881: $? = 0
configure:2888: ./conftest
configure:2892: $? = 0
configure:2907: result: no
configure:2912: checking for suffix of object files
configure:2934: cc -c   conftest.c >&5
configure:2938: $? = 0
configure:2959: result: o
configure:2963: checking whether we are using the GNU C compiler
configure:2982: cc -c   conftest.c >&5
configure:2982: $? = 0
configure:2991: result: yes
configure:3000: checking whether cc accepts -g
configure:3020: cc -c -g  conftest.c >&5
configure:3020: $? = 0
configure:3061: result: yes
configure:3078: checking for cc option to accept ISO C89
configure:3141: cc  -c -g -O2  conftest.c >&5
configure:3141: $? = 0
configure:3154: result: none needed
configure:3180: checking how to run the C preprocessor
configure:3211: cc -E  conftest.c
configure:3211: $? = 0
configure:3225: cc -E  conftest.c
conftest.c:9:28: fatal error: ac_nonexistent.h: No such file or directory
 #include <ac_nonexistent.h>
                            ^
compilation terminated.
configure:3225: $? = 1
configure: failed program was:
| /* confdefs.h */
| #define PACKAGE_NAME ""
| #define PACKAGE_TARNAME ""
| #define PACKAGE_VERSION ""
| #define PACKAGE_STRING ""
| #define PACKAGE_BUGREPORT ""
| #define PACKAGE_URL ""
| /* end confdefs.h.  */
| #include <ac_nonexistent.h>
configure:3250: result: cc -E
configure:3270: cc -E  conftest.c
configure:3270: $? = 0
configure:3284: cc -E  conftest.c
conftest.c:9:28: fatal error: ac_nonexistent.h: No such file or directory
 #include <ac_nonexistent.h>
                            ^
compilation terminated.
configure:3284: $? = 1
configure: failed program was:
| /* confdefs.h */
| #define PACKAGE_NAME ""
| #define PACKAGE_TARNAME ""
| #define PACKAGE_VERSION ""
| #define PACKAGE_STRING ""
| #define PACKAGE_BUGREPORT ""
| #define PACKAGE_URL ""
| /* end confdefs.h.  */
| #include <ac_nonexistent.h>
configure:3315: checking for icc
configure:3324: result: no
configure:3338: checking for suncc
configure:3347: result: no
configure:3365: checking whether cc understands -c and -o together
configure:3393: cc -c conftest.c -o conftest2.o >&5
configure:3397: $? = 0
configure:3403: cc -c conftest.c -o conftest2.o >&5
configure:3407: $? = 0
configure:3462: result: yes
configure:3476: checking for system library directory
configure:3491: result: lib
configure:3498: checking if compiler supports -R
configure:3517: cc -o conftest -g -O2   conftest.c -R /usr/lib  >&5
cc: error: unrecognized command line option '-R'; did you mean '-R'?
configure:3517: $? = 1
configure: failed program was:
| /* confdefs.h */
| #define PACKAGE_NAME ""
| #define PACKAGE_TARNAME ""
| #define PACKAGE_VERSION ""
| #define PACKAGE_STRING ""
| #define PACKAGE_BUGREPORT ""
| #define PACKAGE_URL ""
| /* end confdefs.h.  */
| 
| int
| main ()
| {
| 
|   ;
|   return 0;
| }
configure:3527: result: no
configure:3532: checking if compiler supports -Wl,-rpath,
configure:3551: cc -o conftest -g -O2   conftest.c -Wl,-rpath,/usr/lib  >&5
configure:3551: $? = 0
configure:3561: result: yes
configure:3606: checking build system type
configure:3620: result: x86_64-unknown-linux-gnu
configure:3640: checking host system type
configure:3653: result: x86_64-unknown-linux-gnu
configure:3673: checking target system type
configure:3686: result: x86_64-unknown-linux-gnu
configure:3789: checking for PHP prefix
configure:3791: result: /usr/local
configure:3793: checking for PHP includes
configure:3795: result: -I/usr/local/include/php -I/usr/local/include/php/main -I/usr/local/include/php/TSRM -I/usr/local/include/php/Zend -I/usr/local/include/php/ext -I/usr/local/include/php/ext/date/lib
configure:3797: checking for PHP extension directory
configure:3799: result: /usr/local/lib/php/extensions/debug-zts-20170718
configure:3801: checking for PHP installed headers prefix
configure:3803: result: /usr/local/include/php
configure:3806: checking if debug is enabled
configure:3832: result: yes
configure:3835: checking if zts is enabled
configure:3861: result: yes
configure:3932: checking for re2c
configure:3948: found /usr/bin/re2c
configure:3959: result: re2c
configure:3968: checking for re2c version
configure:3982: result: 0.16 (ok)
configure:4001: checking for gawk
configure:4032: result: no
configure:4001: checking for nawk
configure:4018: found /usr/bin/nawk
configure:4029: result: nawk
configure:4052: checking if nawk is broken
configure:4059: result: no
configure:4072: checking whether to enable pthreads
configure:4111: result: yes, shared
configure:4120: checking whether to enable AddressSanitizer for pthreads
configure:4135: result: no
configure:4144: checking whether to enable dmalloc for pthreads
configure:4159: result: no
configure:4166: checking for ZTS
configure:4169: result: ok
configure:4584: checking for ld used by cc
configure:4651: result: /usr/bin/ld
configure:4658: checking if the linker (/usr/bin/ld) is GNU ld
configure:4673: result: yes
configure:4678: checking for /usr/bin/ld option to reload object files
configure:4685: result: -r
configure:4703: checking for BSD-compatible nm
configure:4752: result: /usr/bin/nm -B
configure:4756: checking whether ln -s works
configure:4760: result: yes
configure:4767: checking how to recognize dependent libraries
configure:4953: result: pass_all
configure:5038: cc -c -g  -O0  conftest.c >&5
configure:5041: $? = 0
configure:5171: checking for ANSI C header files
configure:5191: cc -c -g  -O0  conftest.c >&5
configure:5191: $? = 0
configure:5264: cc -o conftest -g  -O0   conftest.c  >&5
configure:5264: $? = 0
configure:5264: ./conftest
configure:5264: $? = 0
configure:5275: result: yes
configure:5288: checking for sys/types.h
configure:5288: cc -c -g  -O0  conftest.c >&5
configure:5288: $? = 0
configure:5288: result: yes
configure:5288: checking for sys/stat.h
configure:5288: cc -c -g  -O0  conftest.c >&5
configure:5288: $? = 0
configure:5288: result: yes
configure:5288: checking for stdlib.h
configure:5288: cc -c -g  -O0  conftest.c >&5
configure:5288: $? = 0
configure:5288: result: yes
configure:5288: checking for string.h
configure:5288: cc -c -g  -O0  conftest.c >&5
configure:5288: $? = 0
configure:5288: result: yes
configure:5288: checking for memory.h
configure:5288: cc -c -g  -O0  conftest.c >&5
configure:5288: $? = 0
configure:5288: result: yes
configure:5288: checking for strings.h
configure:5288: cc -c -g  -O0  conftest.c >&5
configure:5288: $? = 0
configure:5288: result: yes
configure:5288: checking for inttypes.h
configure:5288: cc -c -g  -O0  conftest.c >&5
configure:5288: $? = 0
configure:5288: result: yes
configure:5288: checking for stdint.h
configure:5288: cc -c -g  -O0  conftest.c >&5
configure:5288: $? = 0
configure:5288: result: yes
configure:5288: checking for unistd.h
configure:5288: cc -c -g  -O0  conftest.c >&5
configure:5288: $? = 0
configure:5288: result: yes
configure:5302: checking dlfcn.h usability
configure:5302: cc -c -g  -O0  conftest.c >&5
configure:5302: $? = 0
configure:5302: result: yes
configure:5302: checking dlfcn.h presence
configure:5302: cc -E  conftest.c
configure:5302: $? = 0
configure:5302: result: yes
configure:5302: checking for dlfcn.h
configure:5302: result: yes
configure:5324: checking the maximum length of command line arguments
configure:5436: result: 1572864
configure:5448: checking command to parse /usr/bin/nm -B output from cc object
configure:5553: cc -c -g  -O0  conftest.c >&5
configure:5556: $? = 0
configure:5560: /usr/bin/nm -B conftest.o \| sed -n -e 's/^.*[ 	]\([ABCDGIRSTW][ABCDGIRSTW]*\)[ 	][ 	]*\([_A-Za-z][_A-Za-z0-9]*\)$/\1 \2 \2/p' \> conftest.nm
configure:5563: $? = 0
configure:5615: cc -o conftest -g  -O0   conftest.c conftstm.o >&5
configure:5618: $? = 0
configure:5656: result: ok
configure:5660: checking for objdir
configure:5675: result: .libs
configure:5767: checking for ar
configure:5783: found /usr/bin/ar
configure:5794: result: ar
configure:5859: checking for ranlib
configure:5875: found /usr/bin/ranlib
configure:5886: result: ranlib
configure:5951: checking for strip
configure:5967: found /usr/bin/strip
configure:5978: result: strip
configure:6547: checking if cc supports -fno-rtti -fno-exceptions
configure:6565: cc -c -g  -O0  -fno-rtti -fno-exceptions conftest.c >&5
cc1: warning: command line option '-fno-rtti' is valid for C++/ObjC++ but not for C
configure:6569: $? = 0
configure:6582: result: no
configure:6597: checking for cc option to produce PIC
configure:6837: result: -fPIC
configure:6845: checking if cc PIC flag -fPIC works
configure:6863: cc -c -g  -O0  -fPIC -DPIC conftest.c >&5
configure:6867: $? = 0
configure:6880: result: yes
configure:6908: checking if cc static flag -static works
configure:6936: result: yes
configure:6946: checking if cc supports -c -o file.o
configure:6967: cc -c -g  -O0  -o out/conftest2.o conftest.c >&5
configure:6971: $? = 0
configure:6993: result: yes
configure:7019: checking whether the cc linker (/usr/bin/ld -m elf_x86_64) supports shared libraries
configure:7947: result: yes
configure:7968: checking whether -lc should be explicitly linked in
configure:7973: cc -c -g  -O0  conftest.c >&5
configure:7976: $? = 0
configure:7991: cc -shared conftest.o  -v -Wl,-soname -Wl,conftest -o conftest 2\>\&1 \| grep  -lc  \>/dev/null 2\>\&1
configure:7994: $? = 0
configure:8006: result: no
configure:8014: checking dynamic linker characteristics
configure:8612: result: GNU/Linux ld.so
configure:8636: checking how to hardcode library paths into programs
configure:8661: result: immediate
configure:8675: checking whether stripping libraries is possible
configure:8680: result: yes
configure:9197: checking if libtool supports shared libraries
configure:9199: result: yes
configure:9202: checking whether to build shared libraries
configure:9223: result: yes
configure:9226: checking whether to build static libraries
configure:9230: result: no
configure:9325: result:
creating libtool
configure:13024: creating ./config.status

## ---------------------- ##
## Running config.status. ##
## ---------------------- ##

This file was extended by config.status, which was
generated by GNU Autoconf 2.69.  Invocation command line was

  CONFIG_FILES    = 
  CONFIG_HEADERS  = 
  CONFIG_LINKS    = 
  CONFIG_COMMANDS = 
  $ ./config.status 

on 8621c9433905

config.status:677: creating config.h

## ---------------- ##
## Cache variables. ##
## ---------------- ##

ac_cv_build=x86_64-unknown-linux-gnu
ac_cv_c_compiler_gnu=yes
ac_cv_env_CC_set=
ac_cv_env_CC_value=
ac_cv_env_CFLAGS_set=
ac_cv_env_CFLAGS_value=
ac_cv_env_CPPFLAGS_set=
ac_cv_env_CPPFLAGS_value=
ac_cv_env_CPP_set=
ac_cv_env_CPP_value=
ac_cv_env_LDFLAGS_set=
ac_cv_env_LDFLAGS_value=
ac_cv_env_LIBS_set=
ac_cv_env_LIBS_value=
ac_cv_env_build_alias_set=
ac_cv_env_build_alias_value=
ac_cv_env_host_alias_set=
ac_cv_env_host_alias_value=
ac_cv_env_target_alias_set=
ac_cv_env_target_alias_value=
ac_cv_header_dlfcn_h=yes
ac_cv_header_inttypes_h=yes
ac_cv_header_memory_h=yes
ac_cv_header_stdc=yes
ac_cv_header_stdint_h=yes
ac_cv_header_stdlib_h=yes
ac_cv_header_string_h=yes
ac_cv_header_strings_h=yes
ac_cv_header_sys_stat_h=yes
ac_cv_header_sys_types_h=yes
ac_cv_header_unistd_h=yes
ac_cv_host=x86_64-unknown-linux-gnu
ac_cv_objext=o
ac_cv_path_EGREP='/bin/grep -E'
ac_cv_path_GREP=/bin/grep
ac_cv_prog_AWK=nawk
ac_cv_prog_CPP='cc -E'
ac_cv_prog_RE2C=re2c
ac_cv_prog_ac_ct_AR=ar
ac_cv_prog_ac_ct_CC=cc
ac_cv_prog_ac_ct_RANLIB=ranlib
ac_cv_prog_ac_ct_STRIP=strip
ac_cv_prog_cc_c89=
ac_cv_prog_cc_cc_c_o=yes
ac_cv_prog_cc_g=yes
ac_cv_target=x86_64-unknown-linux-gnu
lt_cv_deplibs_check_method=pass_all
lt_cv_file_magic_cmd='$MAGIC_CMD'
lt_cv_file_magic_test_file=
lt_cv_ld_reload_flag=-r
lt_cv_objdir=.libs
lt_cv_path_LD=/usr/bin/ld
lt_cv_path_NM='/usr/bin/nm -B'
lt_cv_path_SED=/bin/sed
lt_cv_prog_compiler_c_o=yes
lt_cv_prog_compiler_pic_works=yes
lt_cv_prog_compiler_rtti_exceptions=no
lt_cv_prog_compiler_static_works=yes
lt_cv_prog_gnu_ld=yes
lt_cv_sys_global_symbol_pipe='sed -n -e '\''s/^.*[ 	]\([ABCDGIRSTW][ABCDGIRSTW]*\)[ 	][ 	]*\([_A-Za-z][_A-Za-z0-9]*\)$/\1 \2 \2/p'\'''
lt_cv_sys_global_symbol_to_c_name_address='sed -n -e '\''s/^: \([^ ]*\) $/  {\"\1\", (lt_ptr) 0},/p'\'' -e '\''s/^[BCDEGRST] \([^ ]*\) \([^ ]*\)$/  {"\2", (lt_ptr) \&\2},/p'\'''
lt_cv_sys_global_symbol_to_cdecl='sed -n -e '\''s/^. .* \(.*\)$/extern int \1;/p'\'''
lt_cv_sys_lib_dlsearch_path_spec='/lib /usr/lib /usr/local/lib /lib/x86_64-linux-gnu /usr/lib/x86_64-linux-gnu '
lt_cv_sys_lib_search_path_spec='/usr/lib/gcc/x86_64-linux-gnu/6 /usr/lib/x86_64-linux-gnu /usr/lib /lib/x86_64-linux-gnu /lib'
lt_cv_sys_max_cmd_len=1572864
lt_lt_cv_prog_compiler_c_o='"yes"'
lt_lt_cv_sys_global_symbol_pipe='"sed -n -e '\''s/^.*[ 	]\\([ABCDGIRSTW][ABCDGIRSTW]*\\)[ 	][ 	]*\\([_A-Za-z][_A-Za-z0-9]*\\)\$/\\1 \\2 \\2/p'\''"'
lt_lt_cv_sys_global_symbol_to_c_name_address='"sed -n -e '\''s/^: \\([^ ]*\\) \$/  {\\\"\\1\\\", (lt_ptr) 0},/p'\'' -e '\''s/^[BCDEGRST] \\([^ ]*\\) \\([^ ]*\\)\$/  {\"\\2\", (lt_ptr) \\&\\2},/p'\''"'
lt_lt_cv_sys_global_symbol_to_cdecl='"sed -n -e '\''s/^. .* \\(.*\\)\$/extern int \\1;/p'\''"'
php_cv_cc_dashr=no
php_cv_cc_rpath=yes
php_cv_re2c_version='0.16 (ok)'

## ----------------- ##
## Output variables. ##
## ----------------- ##

AR='ar'
AWK='nawk'
CC='cc'
CFLAGS='-g  -O0'
CONFIGURE_COMMAND=' '\''./configure'\'' '
CONFIGURE_OPTIONS=''
CPP='cc -E'
CPPFLAGS=' -DHAVE_CONFIG_H'
DEFS='-DHAVE_CONFIG_H'
DSYMUTIL=''
ECHO='echo'
ECHO_C=''
ECHO_N='-n'
ECHO_T=''
EGREP='/bin/grep -E'
EXEEXT=''
GREP='/bin/grep'
LDFLAGS=''
LIBOBJS=''
LIBS=''
LIBTOOL='$(SHELL) $(top_builddir)/libtool'
LN_S='ln -s'
LTLIBOBJS=''
NMEDIT=''
OBJEXT='o'
PACKAGE_BUGREPORT=''
PACKAGE_NAME=''
PACKAGE_STRING=''
PACKAGE_TARNAME=''
PACKAGE_URL=''
PACKAGE_VERSION=''
PATH_SEPARATOR=':'
RANLIB='ranlib'
RE2C='re2c'
SED='/bin/sed'
SHELL='/bin/bash'
SHLIB_DL_SUFFIX_NAME='so'
SHLIB_SUFFIX_NAME='so'
STRIP='strip'
ac_ct_CC='cc'
bindir='${exec_prefix}/bin'
build='x86_64-unknown-linux-gnu'
build_alias=''
build_cpu='x86_64'
build_os='linux-gnu'
build_vendor='unknown'
datadir='${datarootdir}'
datarootdir='${prefix}/share'
docdir='${datarootdir}/doc/${PACKAGE}'
dvidir='${docdir}'
exec_prefix='$(prefix)'
host='x86_64-unknown-linux-gnu'
host_alias='x86_64-unknown-linux-gnu'
host_cpu='x86_64'
host_os='linux-gnu'
host_vendor='unknown'
htmldir='${docdir}'
includedir='${prefix}/include'
infodir='${datarootdir}/info'
libdir='${exec_prefix}/lib'
libexecdir='${exec_prefix}/libexec'
localedir='${datarootdir}/locale'
localstatedir='${prefix}/var'
mandir='${datarootdir}/man'
oldincludedir='/usr/include'
pdfdir='${docdir}'
prefix='/usr/local'
program_transform_name='s,x,x,'
psdir='${docdir}'
runstatedir='${localstatedir}/run'
sbindir='${exec_prefix}/sbin'
sharedstatedir='${prefix}/com'
sysconfdir='${prefix}/etc'
target='x86_64-unknown-linux-gnu'
target_alias=''
target_cpu='x86_64'
target_os='linux-gnu'
target_vendor='unknown'

## ----------- ##
## confdefs.h. ##
## ----------- ##

/* confdefs.h */
#define PACKAGE_NAME ""
#define PACKAGE_TARNAME ""
#define PACKAGE_VERSION ""
#define PACKAGE_STRING ""
#define PACKAGE_BUGREPORT ""
#define PACKAGE_URL ""
#define HAVE_PTHREADS 1
#define COMPILE_DL_PTHREADS 1
#define STDC_HEADERS 1
#define HAVE_SYS_TYPES_H 1
#define HAVE_SYS_STAT_H 1
#define HAVE_STDLIB_H 1
#define HAVE_STRING_H 1
#define HAVE_MEMORY_H 1
#define HAVE_STRINGS_H 1
#define HAVE_INTTYPES_H 1
#define HAVE_STDINT_H 1
#define HAVE_UNISTD_H 1
#define HAVE_DLFCN_H 1

configure: exit 0
